<?xml version="1.0" encoding="UTF-8"?>
<!-- Generated by org.testng.reporters.JUnitXMLReporter -->
<testsuite ignored="0" hostname="MSI" failures="0" tests="4" name="Test" time="45.542" errors="0" timestamp="2024-09-23T17:26:32 IST">
  <testcase classname="com.entrata.testcases.ValidateUI_HomePageTest" name="homenPageTitleTest" time="0.136"/>
  <testcase classname="com.entrata.testcases.ValidateUI_EnterField_WatchDemo" name="enterFieldsWatchDemo" time="3.934"/>
  <testcase classname="com.entrata.testcases.Verify_Navigation_UI_SummitPage" name="summitPageValidatiom" time="4.044"/>
  <testcase classname="com.entrata.testcases.Validate_FieldError_FirstName_Email_RegistrationPage" name="errorRegistrationValidatiom" time="10.531"/>
</testsuite> <!-- Test -->
